<?xml version='1.0'?>
<ns2:test-suite xmlns:ns2='urn:model.allure.qatools.yandex.ru' start='1633465422906' stop='1633465423060'>
    <name>Pinterest search</name>
    <title>Pinterest search</title>
    <test-cases>
        <test-case start='1633465422910' status='passed' stop='1633465422989'>
            <name>should open the main page and have the right title</name>
            <title>should open the main page and have the right title</title>
            <labels>
                <label name='language' value='javascript'/>
                <label name='framework' value='wdio'/>
                <label name='thread' value='0-1'/>
                <label name='language' value='javascript'/>
                <label name='framework' value='wdio'/>
                <label name='thread' value='0-1'/>
            </labels>
            <parameters>
                <parameter kind='argument' name='browser' value='chrome-94.0.4606.61'/>
                <parameter kind='argument' name='browser' value='chrome-94.0.4606.61'/>
            </parameters>
            <steps>
                <step start='1633465422915' status='undefined'>
                    <name>POST /session/:sessionId/url</name>
                    <title>POST /session/:sessionId/url</title>
                    <attachments>
                        <attachment title='Request' source='8152e2a6-b06c-419f-a2fb-c2f6acd5d60a-attachment.json' type='application/json' size='41'/>
                    </attachments>
                    <steps>
                        <step start='1633465422986' status='undefined'>
                            <name>GET /session/:sessionId/title</name>
                            <title>GET /session/:sessionId/title</title>
                            <attachments/>
                            <steps/>
                        </step>
                    </steps>
                </step>
            </steps>
            <attachments/>
        </test-case>
        <test-case start='1633465422993' status='broken' stop='1633465423000'>
            <name>should search for a product and verify the search text value</name>
            <title>should search for a product and verify the search text value</title>
            <labels>
                <label name='language' value='javascript'/>
                <label name='framework' value='wdio'/>
                <label name='thread' value='0-1'/>
            </labels>
            <parameters>
                <parameter kind='argument' name='browser' value='chrome-94.0.4606.61'/>
            </parameters>
            <steps/>
            <attachments/>
            <failure>
                <message>addSeverity is not a function</message>
                <stack-trace>TypeError: addSeverity is not a function
                    at Context.&lt;anonymous> (file:///D:/KPI/3_year/KPI/labs/automated-ui-testing/test/specs/search.js:18:5)
                    at Context.executeAsync (D:\KPI\3_year\KPI\labs\automated-ui-testing\node_modules\@wdio\utils\build\shim.js:323:27)
                    at Context.testFrameworkFnWrapper (D:\KPI\3_year\KPI\labs\automated-ui-testing\node_modules\@wdio\utils\build\test-framework\testFnWrapper.js:45:32)</stack-trace>
            </failure>
        </test-case>
        <test-case start='1633465423001' status='passed' stop='1633465423045'>
            <name>should redirect to a new page and verify the search box text</name>
            <title>should redirect to a new page and verify the search box text</title>
            <labels>
                <label name='language' value='javascript'/>
                <label name='framework' value='wdio'/>
                <label name='thread' value='0-1'/>
            </labels>
            <parameters>
                <parameter kind='argument' name='browser' value='chrome-94.0.4606.61'/>
            </parameters>
            <steps>
                <step start='1633465423012' status='undefined'>
                    <name>POST /session/:sessionId/element</name>
                    <title>POST /session/:sessionId/element</title>
                    <attachments>
                        <attachment title='Request' source='118f1695-2680-44b9-a1cc-bee1f0e9d61f-attachment.json' type='application/json' size='69'/>
                    </attachments>
                    <steps/>
                </step>
            </steps>
            <attachments/>
        </test-case>
        <test-case start='1633465423052' status='broken' stop='1633465423058'>
            <name>should change filter value</name>
            <title>should change filter value</title>
            <labels>
                <label name='language' value='javascript'/>
                <label name='framework' value='wdio'/>
                <label name='thread' value='0-1'/>
            </labels>
            <parameters>
                <parameter kind='argument' name='browser' value='chrome-94.0.4606.61'/>
            </parameters>
            <steps/>
            <attachments/>
            <failure>
                <message>addFeature is not a function</message>
                <stack-trace>TypeError: addFeature is not a function
                    at Context.&lt;anonymous> (file:///D:/KPI/3_year/KPI/labs/automated-ui-testing/test/specs/search.js:38:5)
                    at Context.executeAsync (D:\KPI\3_year\KPI\labs\automated-ui-testing\node_modules\@wdio\utils\build\shim.js:323:27)
                    at Context.testFrameworkFnWrapper (D:\KPI\3_year\KPI\labs\automated-ui-testing\node_modules\@wdio\utils\build\test-framework\testFnWrapper.js:45:32)</stack-trace>
            </failure>
        </test-case>
    </test-cases>
</ns2:test-suite>